nohup: ignoring input

> frontend@0.1.0 dev
> next dev

 ⚠ Warning: Next.js inferred your workspace root, but it may not be correct.
 We detected multiple lockfiles and selected the directory of /run/media/hadi/SSD2/Coding/syrianzone copy/package-lock.json as the root directory.
 To silence this warning, set `turbopack.root` in your Next.js config, or consider removing one of the lockfiles if it's not needed.
   See https://nextjs.org/docs/app/api-reference/config/next-config-js/turbopack#root-directory for more information.
 Detected additional lockfiles: 
   * /run/media/hadi/SSD2/Coding/syrianzone copy/frontend/package-lock.json

   ▲ Next.js 16.0.10 (Turbopack)
   - Local:         http://localhost:3000
   - Network:       http://192.168.1.100:3000
   - Environments: .env.local

 ✓ Starting...
 ✓ Ready in 444ms
 GET /polls 200 in 2.3s (compile: 2.2s, render: 132ms)
 GET /polls/best-food-2024 200 in 736ms (compile: 643ms, render: 93ms)
 GET /polls/best-food-2024 200 in 48ms (compile: 15ms, render: 33ms)
 GET /polls 200 in 62ms (compile: 12ms, render: 50ms)
 GET / 200 in 224ms (compile: 204ms, render: 20ms)
 GET /contributors 200 in 258ms (compile: 241ms, render: 17ms)
 GET /contributors 200 in 32ms (compile: 2ms, render: 29ms)
 GET /contributors 200 in 25ms (compile: 1812µs, render: 23ms)
 GET / 200 in 15ms (compile: 1721µs, render: 13ms)
 GET / 200 in 51ms (compile: 2ms, render: 49ms)
 GET /contributors 200 in 13ms (compile: 1600µs, render: 12ms)
 GET /polls 200 in 12ms (compile: 1644µs, render: 11ms)
 GET /polls 200 in 23ms (compile: 1771µs, render: 22ms)
 GET /syofficial 404 in 241ms (compile: 193ms, render: 48ms)
 GET /syofficial 404 in 26ms (compile: 2ms, render: 24ms)
 GET /syofficial 404 in 32ms (compile: 2ms, render: 29ms)
 GET /syofficial 404 in 24ms (compile: 1660µs, render: 22ms)
 GET / 200 in 27ms (compile: 2ms, render: 24ms)
 GET / 200 in 28ms (compile: 2ms, render: 26ms)
 GET /contributors 200 in 23ms (compile: 1662µs, render: 21ms)
 GET /polls 200 in 12ms (compile: 1378µs, render: 11ms)
 GET / 200 in 20ms (compile: 6ms, render: 14ms)
 GET / 200 in 26ms (compile: 1756µs, render: 25ms)
 ⨯ ReferenceError: UserNav is not defined
    at Navbar (src/components/Navbar.tsx:27:26)
  25 |                     </div>
  26 |                     <div className="flex items-center">
> 27 |                         <UserNav />
     |                          ^
  28 |                     </div>
  29 |                 </div>
  30 |             </div> {
  digest: '3699159779'
}
 GET / 200 in 123ms (compile: 50ms, render: 73ms)
 GET /syofficial 404 in 122ms (compile: 108ms, render: 14ms)
 GET /syofficial 404 in 29ms (compile: 2ms, render: 27ms)
 ✓ Compiled in 0ms
 ⚠ Fast Refresh had to perform a full reload due to a runtime error.
 GET /syofficial 404 in 23ms (compile: 2ms, render: 21ms)
 GET / 200 in 183ms (compile: 44ms, render: 139ms)
 GET /syofficial 404 in 53ms (compile: 2ms, render: 50ms)
 GET / 200 in 163ms (compile: 43ms, render: 121ms)
 GET /syofficial 404 in 163ms (compile: 111ms, render: 52ms)
 GET / 200 in 25ms (compile: 1491µs, render: 24ms)
 GET /syofficial 404 in 13ms (compile: 1772µs, render: 11ms)
 GET /syofficial 404 in 26ms (compile: 14ms, render: 12ms)
 GET / 200 in 25ms (compile: 1654µs, render: 24ms)
 GET /syofficial 404 in 28ms (compile: 2ms, render: 25ms)
 GET / 200 in 27ms (compile: 14ms, render: 14ms)
 GET /syofficial 404 in 28ms (compile: 2ms, render: 26ms)
 GET / 200 in 17ms (compile: 1354µs, render: 16ms)
 GET /syofficial 404 in 30ms (compile: 2ms, render: 27ms)
 GET / 200 in 32ms (compile: 14ms, render: 18ms)
 GET /syofficial 404 in 73ms (compile: 4ms, render: 68ms)
 GET / 200 in 59ms (compile: 1876µs, render: 57ms)
 GET /syofficial 404 in 28ms (compile: 3ms, render: 25ms)
 GET / 200 in 28ms (compile: 2ms, render: 26ms)
 GET /syofficial 404 in 13ms (compile: 1884µs, render: 12ms)
 GET / 200 in 22ms (compile: 1824µs, render: 20ms)
 GET /syofficial 404 in 26ms (compile: 13ms, render: 12ms)
 GET /syofficial 404 in 24ms (compile: 2ms, render: 22ms)
 GET / 200 in 24ms (compile: 11ms, render: 13ms)
 GET /syofficial 404 in 25ms (compile: 1909µs, render: 23ms)
 GET / 200 in 15ms (compile: 1304µs, render: 13ms)
 GET /syofficial 404 in 25ms (compile: 2ms, render: 23ms)
 GET / 200 in 13ms (compile: 1524µs, render: 12ms)
 GET /syofficial 404 in 24ms (compile: 1974µs, render: 22ms)
 ✓ Compiled in 12ms
 GET / 200 in 48ms (compile: 1203µs, render: 47ms)
 GET /syofficial 404 in 35ms (compile: 1852µs, render: 33ms)
 GET / 200 in 19ms (compile: 1526µs, render: 18ms)
 GET / 200 in 67ms (compile: 2ms, render: 65ms)
 GET / 200 in 26ms (compile: 1754µs, render: 25ms)
 GET / 200 in 27ms (compile: 1717µs, render: 25ms)
   Reload env: .env.local
 ✓ Compiled in 19ms
 GET / 200 in 161ms (compile: 42ms, render: 119ms)
 GET /syofficial 404 in 161ms (compile: 131ms, render: 30ms)
 GET /syofficial 404 in 42ms (compile: 2ms, render: 40ms)
 GET / 200 in 76ms (compile: 3ms, render: 74ms)
 GET / 200 in 66ms (compile: 2ms, render: 64ms)
 GET / 200 in 27ms (compile: 1527µs, render: 25ms)
 GET / 200 in 26ms (compile: 1858µs, render: 24ms)
 GET / 200 in 25ms (compile: 1356µs, render: 23ms)
 GET / 200 in 13ms (compile: 1440µs, render: 11ms)
 GET / 200 in 23ms (compile: 1441µs, render: 22ms)
 GET / 200 in 28ms (compile: 2ms, render: 25ms)
 GET / 200 in 25ms (compile: 1700µs, render: 23ms)
 GET / 200 in 25ms (compile: 1672µs, render: 23ms)
 GET / 200 in 25ms (compile: 1671µs, render: 23ms)
 GET / 200 in 21ms (compile: 1495µs, render: 20ms)
 GET / 200 in 22ms (compile: 1387µs, render: 20ms)
 GET / 200 in 23ms (compile: 1700µs, render: 22ms)
 GET /polls 200 in 86ms (compile: 42ms, render: 44ms)
 GET /contributors 200 in 77ms (compile: 42ms, render: 35ms)
 GET /contributors 200 in 62ms (compile: 1590µs, render: 60ms)
 GET / 200 in 15ms (compile: 2ms, render: 13ms)
 GET / 200 in 32ms (compile: 1471µs, render: 30ms)
 ✓ Compiled in 89ms
 GET / 200 in 150ms (compile: 58ms, render: 92ms)
 GET /syofficial 404 in 149ms (compile: 125ms, render: 24ms)
 GET /syofficial 404 in 48ms (compile: 3ms, render: 45ms)
 GET / 200 in 19ms (compile: 2ms, render: 17ms)
 GET /syofficial 404 in 28ms (compile: 2ms, render: 25ms)
 GET / 200 in 16ms (compile: 1302µs, render: 15ms)
 GET /syofficial 404 in 30ms (compile: 3ms, render: 27ms)
 GET / 200 in 17ms (compile: 1329µs, render: 16ms)
 GET /syofficial 404 in 28ms (compile: 2ms, render: 26ms)
 GET / 200 in 17ms (compile: 1335µs, render: 16ms)
 GET /syofficial 404 in 30ms (compile: 3ms, render: 27ms)
 GET / 200 in 22ms (compile: 1697µs, render: 20ms)
 GET /syofficial 404 in 29ms (compile: 7ms, render: 22ms)
 GET / 200 in 13ms (compile: 1263µs, render: 12ms)
 GET /syofficial 404 in 23ms (compile: 1862µs, render: 21ms)
 GET / 200 in 23ms (compile: 10ms, render: 13ms)
 GET /syofficial 404 in 26ms (compile: 2ms, render: 24ms)
 GET / 200 in 26ms (compile: 14ms, render: 12ms)
 GET /syofficial 404 in 23ms (compile: 1743µs, render: 22ms)
 GET / 200 in 12ms (compile: 1383µs, render: 11ms)
 GET /syofficial 404 in 29ms (compile: 1675µs, render: 28ms)
 GET / 200 in 18ms (compile: 1328µs, render: 17ms)
 GET /syofficial 404 in 26ms (compile: 3ms, render: 23ms)
 GET / 200 in 17ms (compile: 1900µs, render: 15ms)
 GET /syofficial 404 in 24ms (compile: 4ms, render: 20ms)
 GET / 200 in 12ms (compile: 1377µs, render: 10ms)
 GET /syofficial 404 in 23ms (compile: 3ms, render: 19ms)
 GET / 200 in 12ms (compile: 1102µs, render: 11ms)
 GET /syofficial 404 in 23ms (compile: 1820µs, render: 22ms)
 GET / 200 in 13ms (compile: 1339µs, render: 12ms)
 GET /syofficial 404 in 25ms (compile: 2ms, render: 23ms)
 GET / 200 in 60ms (compile: 12ms, render: 48ms)
 GET /syofficial 404 in 45ms (compile: 1705µs, render: 43ms)
 GET /sites 200 in 364ms (compile: 293ms, render: 71ms)
 GET /sites 200 in 258ms (compile: 166ms, render: 92ms)
 GET /sites/syid 404 in 26ms (compile: 2ms, render: 24ms)
 GET /sites 200 in 29ms (compile: 1448µs, render: 27ms)
 GET /syid 404 in 26ms (compile: 1507µs, render: 25ms)
 GET /sites 200 in 23ms (compile: 2ms, render: 21ms)
 GET /sites 200 in 24ms (compile: 1874µs, render: 23ms)
 GET /admin/dashboard 404 in 24ms (compile: 4ms, render: 20ms)
 GET /admin/dashboard 404 in 21ms (compile: 1691µs, render: 19ms)
 GET /admin 404 in 21ms (compile: 1843µs, render: 19ms)
 GET /admin/dashboard 404 in 24ms (compile: 1727µs, render: 22ms)
 GET /admin/dashboard 404 in 26ms (compile: 1713µs, render: 24ms)
 GET /sites 200 in 22ms (compile: 1522µs, render: 20ms)
 GET / 200 in 12ms (compile: 1833µs, render: 10ms)
 GET / 200 in 46ms (compile: 1882µs, render: 44ms)
 ✓ Compiled in 50ms
 GET /admin/dashboard 404 in 164ms (compile: 145ms, render: 19ms)
 GET / 200 in 166ms (compile: 78ms, render: 89ms)
 GET /admin/dashboard 404 in 45ms (compile: 2ms, render: 42ms)
 ⨯ ./frontend/src/app/layout.tsx:40:5
Parsing ecmascript source code failed
[0m [90m 38 |[39m       {children}
 [90m 39 |[39m     [33m<[39m[33m/[39m[33mbody[39m[33m>[39m
[31m[1m>[22m[39m[90m 40 |[39m     [33m<[39m[33m/[39m[33mhtml[39m [33m>[39m
 [90m    |[39m     [31m[1m^[22m[39m
 [90m 41 |[39m   )[33m;[39m
 [90m 42 |[39m }
 [90m 43 |[39m[0m

Expression expected



./frontend/src/app/layout.tsx:37:7
Parsing ecmascript source code failed
[0m [90m 35 |[39m       [33m<[39m[33m/[39m[33mhead[39m[33m>[39m
 [90m 36 |[39m       className[33m=[39m{[32m`${geistSans.variable} ${geistMono.variable} antialiased`[39m}
[31m[1m>[22m[39m[90m 37 |[39m       [33m>[39m
 [90m    |[39m       [31m[1m^[22m[39m
 [90m 38 |[39m       {children}
 [90m 39 |[39m     [33m<[39m[33m/[39m[33mbody[39m[33m>[39m
 [90m 40 |[39m     [33m<[39m[33m/[39m[33mhtml[39m [33m>[39m[0m

Unexpected token. Did you mean `{'>'}` or `&gt;`?



./frontend/src/app/layout.tsx:40:6
Parsing ecmascript source code failed
[0m [90m 38 |[39m       {children}
 [90m 39 |[39m     [33m<[39m[33m/[39m[33mbody[39m[33m>[39m
[31m[1m>[22m[39m[90m 40 |[39m     [33m<[39m[33m/[39m[33mhtml[39m [33m>[39m
 [90m    |[39m      [31m[1m^[22m[39m[31m[1m^[22m[39m[31m[1m^[22m[39m[31m[1m^[22m[39m[31m[1m^[22m[39m[31m[1m^[22m[39m[31m[1m^[22m[39m
 [90m 41 |[39m   )[33m;[39m
 [90m 42 |[39m }
 [90m 43 |[39m[0m

Unterminated regexp literal


 GET / 500 in 693ms (compile: 613ms, render: 80ms)
 GET /admin/dashboard 500 in 16ms (compile: 10ms, render: 6ms)
 GET /admin/dashboard 500 in 16ms (compile: 8ms, render: 8ms)
 ⨯ ./frontend/src/app/layout.tsx:40:5
Parsing ecmascript source code failed
[0m [90m 38 |[39m       {children}
 [90m 39 |[39m     [33m<[39m[33m/[39m[33mbody[39m[33m>[39m
[31m[1m>[22m[39m[90m 40 |[39m     [33m<[39m[33m/[39m[33mhtml[39m [33m>[39m
 [90m    |[39m     [31m[1m^[22m[39m
 [90m 41 |[39m   )[33m;[39m
 [90m 42 |[39m }
 [90m 43 |[39m[0m

Expression expected



./frontend/src/app/layout.tsx:37:7
Parsing ecmascript source code failed
[0m [90m 35 |[39m       [33m<[39m[33m/[39m[33mhead[39m[33m>[39m
 [90m 36 |[39m       className[33m=[39m{[32m`${geistSans.variable} ${geistMono.variable} antialiased`[39m}
[31m[1m>[22m[39m[90m 37 |[39m       [33m>[39m
 [90m    |[39m       [31m[1m^[22m[39m
 [90m 38 |[39m       {children}
 [90m 39 |[39m     [33m<[39m[33m/[39m[33mbody[39m[33m>[39m
 [90m 40 |[39m     [33m<[39m[33m/[39m[33mhtml[39m [33m>[39m[0m

Unexpected token. Did you mean `{'>'}` or `&gt;`?



./frontend/src/app/layout.tsx:40:6
Parsing ecmascript source code failed
[0m [90m 38 |[39m       {children}
 [90m 39 |[39m     [33m<[39m[33m/[39m[33mbody[39m[33m>[39m
[31m[1m>[22m[39m[90m 40 |[39m     [33m<[39m[33m/[39m[33mhtml[39m [33m>[39m
 [90m    |[39m      [31m[1m^[22m[39m[31m[1m^[22m[39m[31m[1m^[22m[39m[31m[1m^[22m[39m[31m[1m^[22m[39m[31m[1m^[22m[39m[31m[1m^[22m[39m
 [90m 41 |[39m   )[33m;[39m
 [90m 42 |[39m }
 [90m 43 |[39m[0m

Unterminated regexp literal


 GET / 500 in 22ms (compile: 11ms, render: 11ms)
 GET / 200 in 142ms (compile: 46ms, render: 96ms)
 GET /admin/dashboard 404 in 179ms (compile: 62ms, render: 117ms)
 GET / 200 in 31ms (compile: 2ms, render: 28ms)
 GET /syofficial 404 in 16ms (compile: 3ms, render: 13ms)
 GET /syofficial 404 in 25ms (compile: 1876µs, render: 23ms)
 GET /syofficial 404 in 24ms (compile: 1978µs, render: 22ms)
 GET / 200 in 27ms (compile: 1484µs, render: 26ms)
 GET / 200 in 32ms (compile: 1410µs, render: 30ms)
 GET / 200 in 66ms (compile: 1491µs, render: 64ms)
 GET /admin/dashboard 404 in 23ms (compile: 1664µs, render: 22ms)
 GET / 200 in 28ms (compile: 1625µs, render: 26ms)
 GET /admin/dashboard 404 in 115ms (compile: 90ms, render: 25ms)
 GET / 200 in 125ms (compile: 59ms, render: 66ms)
 GET /flag-replacer/1f1f8-1f1fe.svg 404 in 76ms (compile: 6ms, render: 70ms)
 GET /admin/dashboard 404 in 184ms (compile: 3ms, render: 181ms)
 GET / 200 in 116ms (compile: 51ms, render: 65ms)
 GET / 200 in 26ms (compile: 1563µs, render: 25ms)
 GET / 200 in 12ms (compile: 1148µs, render: 11ms)
 GET / 200 in 15ms (compile: 1585µs, render: 14ms)
 GET / 200 in 45ms (compile: 1955µs, render: 43ms)
 GET / 200 in 20ms (compile: 4ms, render: 16ms)
 ⨯ Error: The default export is not a React Component in "/admin/dashboard/page"
    at ignore-listed frames
 ⨯ Error: The default export is not a React Component in "/admin/dashboard/page"
    at ignore-listed frames {
  page: '/admin/dashboard'
}
 GET / 200 in 512ms (compile: 1656µs, render: 511ms)
 ✓ Compiled in 13ms
 GET /admin/dashboard 500 in 835ms (compile: 819ms, render: 16ms)
 GET / 200 in 57ms (compile: 1834µs, render: 55ms)
 GET / 200 in 39ms (compile: 3ms, render: 36ms)
 GET /admin/dashboard 200 in 145ms (compile: 94ms, render: 51ms)
 GET / 200 in 13ms (compile: 2ms, render: 11ms)
 GET / 200 in 24ms (compile: 3ms, render: 21ms)
 GET /admin/dashboard 200 in 23ms (compile: 12ms, render: 11ms)
 GET / 200 in 22ms (compile: 12ms, render: 10ms)
 GET /admin/dashboard 200 in 23ms (compile: 1294µs, render: 22ms)
 GET / 200 in 22ms (compile: 1494µs, render: 21ms)
 GET /admin/dashboard 200 in 13ms (compile: 1152µs, render: 12ms)
 GET /admin/dashboard 200 in 13ms (compile: 1277µs, render: 12ms)
 GET / 200 in 24ms (compile: 1479µs, render: 22ms)
 GET / 200 in 23ms (compile: 1315µs, render: 21ms)
 GET /admin/dashboard 200 in 23ms (compile: 10ms, render: 13ms)
 GET / 200 in 22ms (compile: 1272µs, render: 21ms)
 GET /admin/dashboard 200 in 23ms (compile: 10ms, render: 12ms)
 GET / 200 in 22ms (compile: 1095µs, render: 21ms)
 GET /admin/dashboard 200 in 13ms (compile: 1149µs, render: 12ms)
 GET / 200 in 24ms (compile: 1471µs, render: 23ms)
 GET /admin/dashboard 200 in 15ms (compile: 1745µs, render: 13ms)
 GET / 200 in 32ms (compile: 1560µs, render: 30ms)
 GET /admin/dashboard 200 in 15ms (compile: 1802µs, render: 13ms)
 GET /admin/dashboard 200 in 14ms (compile: 3ms, render: 12ms)
 GET /admin/dashboard 200 in 12ms (compile: 1112µs, render: 11ms)
 GET /admin/dashboard 200 in 12ms (compile: 1281µs, render: 11ms)
 GET /admin/dashboard 200 in 12ms (compile: 1287µs, render: 11ms)
 GET /admin/dashboard 200 in 14ms (compile: 1102µs, render: 13ms)
 GET /admin/dashboard 200 in 13ms (compile: 1124µs, render: 12ms)
 GET /admin/dashboard 200 in 12ms (compile: 1155µs, render: 11ms)
 GET /admin/dashboard 200 in 13ms (compile: 1278µs, render: 11ms)
 GET /admin/dashboard 200 in 66ms (compile: 1239µs, render: 65ms)
 GET / 200 in 75ms (compile: 2ms, render: 72ms)
 GET / 200 in 50ms (compile: 1837µs, render: 48ms)
 GET /flag-replacer/1f1f8-1f1fe.svg 404 in 104ms (compile: 44ms, render: 59ms)
 GET /flag-replacer/1f1f8-1f1fe.svg 404 in 40ms (compile: 3ms, render: 37ms)
 GET /party 404 in 26ms (compile: 2ms, render: 24ms)
 GET / 200 in 31ms (compile: 1482µs, render: 30ms)
 GET /flag-replacer/1f1f8-1f1fe.svg 404 in 30ms (compile: 5ms, render: 25ms)
 GET /syofficial 404 in 27ms (compile: 1717µs, render: 25ms)
 GET /syofficial 404 in 24ms (compile: 3ms, render: 21ms)
 GET / 200 in 25ms (compile: 1759µs, render: 23ms)
 GET /flag-replacer/1f1f8-1f1fe.svg 404 in 28ms (compile: 4ms, render: 24ms)
 GET /syid 404 in 25ms (compile: 1855µs, render: 23ms)
 GET /syid 404 in 23ms (compile: 1807µs, render: 21ms)
 GET / 200 in 27ms (compile: 1681µs, render: 25ms)
 GET /flag-replacer/1f1f8-1f1fe.svg 404 in 26ms (compile: 3ms, render: 24ms)
 GET /compass 404 in 32ms (compile: 3ms, render: 29ms)
 GET /compass 404 in 155ms (compile: 59ms, render: 97ms)
 GET / 200 in 411ms (compile: 50ms, render: 361ms)
 GET /admin/dashboard 200 in 326ms (compile: 42ms, render: 284ms)
 GET / 200 in 326ms (compile: 78ms, render: 248ms)
 GET / 200 in 77ms (compile: 1512µs, render: 75ms)
 GET /compass 404 in 22ms (compile: 4ms, render: 18ms)
 GET / 200 in 28ms (compile: 4ms, render: 24ms)
 GET / 200 in 80ms (compile: 2ms, render: 78ms)
 GET /flag-replacer/1f1f8-1f1fe.svg 404 in 66ms (compile: 27ms, render: 39ms)
 GET / 200 in 65ms (compile: 3ms, render: 62ms)
 GET /admin/dashboard 200 in 65ms (compile: 13ms, render: 52ms)
 GET / 200 in 51ms (compile: 3ms, render: 48ms)
 GET / 200 in 52ms (compile: 14ms, render: 37ms)
 GET /admin/dashboard 200 in 52ms (compile: 27ms, render: 25ms)
 GET / 200 in 41ms (compile: 3ms, render: 39ms)
 GET /admin/dashboard 200 in 41ms (compile: 24ms, render: 17ms)
 GET / 200 in 43ms (compile: 14ms, render: 28ms)
 GET / 200 in 57ms (compile: 21ms, render: 36ms)
 GET /admin/dashboard 200 in 59ms (compile: 3ms, render: 57ms)
 GET / 200 in 59ms (compile: 34ms, render: 25ms)
 GET /admin/dashboard 200 in 36ms (compile: 11ms, render: 25ms)
 GET / 200 in 38ms (compile: 2ms, render: 36ms)
 GET / 200 in 15ms (compile: 1182µs, render: 14ms)
 GET /admin/dashboard 200 in 27ms (compile: 1492µs, render: 25ms)
 GET / 200 in 13ms (compile: 1252µs, render: 12ms)
 GET / 200 in 33ms (compile: 2ms, render: 31ms)
 GET /flag-replacer/1f1f8-1f1fe.svg 404 in 32ms (compile: 6ms, render: 26ms)
 GET /admin/dashboard 200 in 53ms (compile: 2ms, render: 51ms)
 GET /admin/dashboard 200 in 33ms (compile: 1807µs, render: 31ms)
 GET / 200 in 10ms (compile: 1561µs, render: 9ms)
 GET /flag-replacer/1f1f8-1f1fe.svg 404 in 28ms (compile: 5ms, render: 23ms)
 GET /admin/dashboard 200 in 27ms (compile: 1509µs, render: 26ms)
 GET / 200 in 30ms (compile: 1621µs, render: 28ms)
 GET /flag-replacer/1f1f8-1f1fe.svg 404 in 35ms (compile: 7ms, render: 28ms)
 GET /compass 404 in 30ms (compile: 2ms, render: 28ms)
 GET / 200 in 26ms (compile: 1747µs, render: 24ms)
 GET /flag-replacer/1f1f8-1f1fe.svg 404 in 26ms (compile: 2ms, render: 24ms)
 GET / 200 in 28ms (compile: 1752µs, render: 27ms)
 GET /flag-replacer/1f1f8-1f1fe.svg 404 in 31ms (compile: 5ms, render: 26ms)
 GET / 200 in 24ms (compile: 1319µs, render: 22ms)
 GET /flag-replacer/1f1f8-1f1fe.svg 404 in 33ms (compile: 7ms, render: 26ms)
 GET /party 404 in 28ms (compile: 2ms, render: 25ms)
 GET / 200 in 26ms (compile: 1480µs, render: 25ms)
 GET /flag-replacer/1f1f8-1f1fe.svg 404 in 27ms (compile: 3ms, render: 24ms)
 GET /compass 404 in 22ms (compile: 2ms, render: 20ms)
 GET /compass 404 in 24ms (compile: 1783µs, render: 22ms)
 GET /admin/dashboard 200 in 26ms (compile: 1707µs, render: 24ms)
 GET / 200 in 29ms (compile: 1569µs, render: 28ms)
 GET /flag-replacer/1f1f8-1f1fe.svg 404 in 28ms (compile: 4ms, render: 24ms)
 GET /flag-replacer/1f1f8-1f1fe.svg 404 in 25ms (compile: 2ms, render: 23ms)
 GET / 200 in 28ms (compile: 1749µs, render: 26ms)
 GET /flag-replacer/1f1f8-1f1fe.svg 404 in 34ms (compile: 6ms, render: 28ms)
 GET / 200 in 25ms (compile: 2ms, render: 23ms)
 GET /flag-replacer/1f1f8-1f1fe.svg 404 in 40ms (compile: 12ms, render: 28ms)
 GET / 200 in 34ms (compile: 1476µs, render: 33ms)
 GET /flag-replacer/1f1f8-1f1fe.svg 404 in 30ms (compile: 6ms, render: 25ms)
 GET / 200 in 28ms (compile: 2ms, render: 26ms)
 GET /flag-replacer/1f1f8-1f1fe.svg 404 in 38ms (compile: 14ms, render: 25ms)
 GET / 200 in 28ms (compile: 1552µs, render: 27ms)
 GET /flag-replacer/1f1f8-1f1fe.svg 404 in 29ms (compile: 4ms, render: 25ms)
 GET / 200 in 35ms (compile: 1767µs, render: 33ms)
 GET /flag-replacer/1f1f8-1f1fe.svg 404 in 37ms (compile: 5ms, render: 32ms)
 GET /party 404 in 22ms (compile: 2ms, render: 19ms)
 GET / 200 in 24ms (compile: 1866µs, render: 22ms)
 GET /flag-replacer/1f1f8-1f1fe.svg 404 in 32ms (compile: 3ms, render: 29ms)
 GET /compass 404 in 24ms (compile: 2ms, render: 22ms)
 GET /compass 404 in 24ms (compile: 2ms, render: 22ms)
 GET / 200 in 33ms (compile: 1844µs, render: 31ms)
 GET /flag-replacer/1f1f8-1f1fe.svg 404 in 86ms (compile: 4ms, render: 82ms)
 GET / 200 in 30ms (compile: 1332µs, render: 29ms)
 GET /flag-replacer/1f1f8-1f1fe.svg 404 in 53ms (compile: 21ms, render: 32ms)
 GET /population 404 in 21ms (compile: 1640µs, render: 19ms)
 GET /population 404 in 26ms (compile: 3ms, render: 23ms)
 GET / 200 in 26ms (compile: 2ms, render: 24ms)
 GET /flag-replacer/1f1f8-1f1fe.svg 404 in 23ms (compile: 3ms, render: 21ms)
 GET /population 404 in 23ms (compile: 2ms, render: 21ms)
 GET /sites/population 404 in 23ms (compile: 2ms, render: 20ms)
 GET /population 404 in 22ms (compile: 2ms, render: 20ms)
 GET / 200 in 26ms (compile: 1694µs, render: 25ms)
 GET /flag-replacer/1f1f8-1f1fe.svg 404 in 22ms (compile: 2ms, render: 20ms)
 GET /admin/dashboard 200 in 43ms (compile: 1603µs, render: 41ms)
 ⚠ Found a change in next.config.ts. Restarting the server to apply the changes...
 ⚠ Warning: Next.js inferred your workspace root, but it may not be correct.
 We detected multiple lockfiles and selected the directory of /run/media/hadi/SSD2/Coding/syrianzone copy/package-lock.json as the root directory.
 To silence this warning, set `turbopack.root` in your Next.js config, or consider removing one of the lockfiles if it's not needed.
   See https://nextjs.org/docs/app/api-reference/config/next-config-js/turbopack#root-directory for more information.
 Detected additional lockfiles: 
   * /run/media/hadi/SSD2/Coding/syrianzone copy/frontend/package-lock.json

   ▲ Next.js 16.0.10 (Turbopack)
   - Local:         http://localhost:3000
   - Network:       http://192.168.1.100:3000
   - Environments: .env.local

 ✓ Starting...
 ✓ Ready in 571ms
 GET /styles/theme.css 404 in 1310ms (compile: 1196ms, render: 113ms)
 GET /styles/output.css 404 in 1308ms (compile: 1172ms, render: 135ms)
 GET /components/navbar.js 404 in 1306ms (compile: 1092ms, render: 214ms)
 GET /components/utils-theme.js 404 in 83ms (compile: 4ms, render: 79ms)
 GET /components/utils-csv.js 404 in 82ms (compile: 24ms, render: 58ms)
 GET /components/utils-http.js 404 in 64ms (compile: 37ms, render: 27ms)
 GET /components/utils-cache.js 404 in 86ms (compile: 4ms, render: 82ms)
 GET /components/utils-offline.js 404 in 86ms (compile: 20ms, render: 67ms)
 GET /components/back-to-top.js 404 in 50ms (compile: 8ms, render: 42ms)
 GET /components/navbar.js 404 in 27ms (compile: 3ms, render: 24ms)
 GET /components/utils-theme.js 404 in 68ms (compile: 3ms, render: 65ms)
 GET /components/utils-csv.js 404 in 46ms (compile: 22ms, render: 24ms)
 GET /components/utils-http.js 404 in 24ms (compile: 1909µs, render: 22ms)
 GET / 200 in 2.1s (compile: 1998ms, render: 141ms)
 GET /components/utils-cache.js 404 in 214ms (compile: 3ms, render: 211ms)
 GET / 200 in 1917ms (compile: 1756ms, render: 161ms)
 GET /admin/dashboard 200 in 2.4s (compile: 2.3s, render: 123ms)
 GET /flag-replacer/1f1f8-1f1fe.svg 404 in 38ms (compile: 4ms, render: 34ms)
 GET /components/utils-offline.js 404 in 34ms (compile: 4ms, render: 30ms)
 GET /flag-replacer/1f1f8-1f1fe.svg 404 in 57ms (compile: 3ms, render: 54ms)
 GET /components/back-to-top.js 404 in 50ms (compile: 6ms, render: 44ms)
 GET /admin/dashboard 200 in 26ms (compile: 1809µs, render: 24ms)
 GET / 200 in 24ms (compile: 13ms, render: 11ms)
 GET /flag-replacer/1f1f8-1f1fe.svg 404 in 33ms (compile: 3ms, render: 30ms)
 GET /admin/dashboard 200 in 24ms (compile: 1778µs, render: 23ms)
[?25h
