nohup: ignoring input

   INFO  Server running on [http://127.0.0.1:8000].  

  Press Ctrl+C to stop the server

  2025-12-17 19:56:04 /api/polls ................................... ~ 0.20ms
  2025-12-17 19:56:04 /api/contributors ............................ ~ 0.25ms
  2025-12-17 19:56:22 /api/polls ................................... ~ 0.23ms
  2025-12-17 19:56:22 /api/contributors ............................ ~ 0.06ms
  2025-12-17 20:02:22 /api/polls/best-food-2024 .................. ~ 500.26ms
  2025-12-17 20:02:29 /api/polls ................................... ~ 0.08ms
  2025-12-17 20:02:34 /api/contributors ............................ ~ 0.07ms
  2025-12-17 20:02:34 /api/contributors ............................ ~ 0.02ms
  2025-12-17 20:06:15 /api/contributors ............................ ~ 0.09ms
  2025-12-17 20:07:58 /api/contributors .......................... ~ 500.46ms
  2025-12-17 20:09:22 /api/contributors ............................ ~ 0.08ms
  2025-12-17 20:09:22 /api/contributors ............................ ~ 0.03ms
  2025-12-17 20:09:23 /api/polls ................................... ~ 0.08ms
  2025-12-17 20:09:23 /api/polls ................................... ~ 0.68ms
  2025-12-17 20:09:24 /api/polls ................................... ~ 0.10ms
  2025-12-17 20:09:32 /api/polls/best-ministers .................... ~ 0.33ms
  2025-12-17 20:09:32 /api/contributors ............................ ~ 0.04ms
  2025-12-17 20:10:07 /api/polls/best-ministers .................... ~ 0.22ms
  2025-12-17 20:10:07 /favicon.ico ................................. ~ 0.04ms
  2025-12-17 20:13:43 /api/contributors ............................ ~ 0.09ms
  2025-12-17 20:13:43 /api/contributors ............................ ~ 0.03ms
  2025-12-17 20:13:47 /api/polls ................................... ~ 1.99ms
  2025-12-17 20:13:47 /api/polls ................................... ~ 0.02ms

   INFO  Environment modified. Restarting server...  

   INFO  Server running on [http://127.0.0.1:8000].  

  Press Ctrl+C to stop the server


   INFO  Environment modified. Restarting server...  

   INFO  Server running on [http://127.0.0.1:8000].  

  Press Ctrl+C to stop the server

  2025-12-17 20:15:58 /api/api/user ................................ ~ 0.08ms
  2025-12-17 20:16:31 /api/api/user ................................ ~ 0.13ms
  2025-12-17 20:16:34 /api/auth/google ........................... ~ 500.35ms
  2025-12-17 20:16:34 /favicon.ico ................................. ~ 0.05ms
  2025-12-17 20:16:36 /api/api/user ................................ ~ 0.08ms
  2025-12-17 20:16:37 /api/api/user .............................. ~ 500.24ms
